<?xml version="1.0" encoding="UTF-8"?>
<testng-results ignored="0" total="0" passed="0" failed="0" skipped="0">
  <reporter-output>
  </reporter-output>
  <suite started-at="2023-12-15T12:57:46 EST" name="Single" finished-at="2023-12-15T12:57:46 EST" duration-ms="91">
    <groups>
      <group name="cucumber">
        <method signature="AbstractTestNGCucumberTests.runScenario(io.cucumber.testng.PickleWrapper,io.cucumber.testng.FeatureWrapper)[pri:0, instance:setup.TestRunner@158d2680]" name="runScenario" class="io.cucumber.testng.AbstractTestNGCucumberTests"/>
      </group> <!-- cucumber -->
    </groups>
    <test started-at="2023-12-15T12:57:46 EST" name="SingleTest" finished-at="2023-12-15T12:57:46 EST" duration-ms="91">
      <class name="setup.TestRunner">
        <test-method is-config="true" signature="setUpClass(org.testng.ITestContext)[pri:0, instance:setup.TestRunner@158d2680]" started-at="2023-12-15T12:57:46 EST" name="setUpClass" finished-at="2023-12-15T12:57:46 EST" duration-ms="74" status="PASS">
          <params>
            <param index="0">
              <value>
                <![CDATA[org.testng.TestRunner@194fad1]]>
              </value>
            </param>
          </params>
          <reporter-output>
          </reporter-output>
        </test-method> <!-- setUpClass -->
        <test-method is-config="true" signature="tearDownClass()[pri:0, instance:setup.TestRunner@158d2680]" started-at="2023-12-15T12:57:46 EST" name="tearDownClass" finished-at="2023-12-15T12:57:46 EST" duration-ms="1" status="PASS">
          <reporter-output>
          </reporter-output>
        </test-method> <!-- tearDownClass -->
      </class> <!-- setup.TestRunner -->
    </test> <!-- SingleTest -->
  </suite> <!-- Single -->
</testng-results>
